<?xml version="1.0" encoding="UTF-8"?>
<!-- Generated by org.testng.reporters.JUnitReportReporter -->
<testsuite skipped="0" hostname="lenovo-PC" name="p2.CallPOI" tests="1" failures="0" timestamp="07 Jul 2018 14:42:54 GMT" time="26.098" errors="0">
  <testcase name="maintest" time="26.098" classname="p2.CallPOI"/>
</testsuite> <!-- p2.CallPOI -->
