<?xml version="1.0" encoding="UTF-8"?>
<!-- Generated by org.testng.reporters.JUnitReportReporter -->
<testsuite skipped="0" hostname="lenovo-PC" name="com.sample.java.Aggregation" tests="2" failures="0" timestamp="13 Jun 2018 10:34:47 GMT" time="3.478" errors="0">
  <testcase name="ac" time="3.477" classname="com.sample.java.Aggregation"/>
  <testcase name="newline" time="0.001" classname="com.sample.java.Aggregation"/>
</testsuite> <!-- com.sample.java.Aggregation -->
