<?xml version="1.0" encoding="UTF-8"?>
<!-- Generated by org.testng.reporters.JUnitReportReporter -->
<testsuite skipped="0" hostname="lenovo-PC" name="com.testersconnect.tests.SmokeTest" tests="1" failures="0" timestamp="07 Jul 2018 14:45:21 GMT" time="42.829" errors="0">
  <testcase name="verify_hs_login" time="42.829" classname="com.testersconnect.tests.SmokeTest"/>
</testsuite> <!-- com.testersconnect.tests.SmokeTest -->
